----------------------------------------------------------------------------------------------------
------------------------------------ MegaLinter, by OX Security ------------------------------------
----------------------------------------------------------------------------------------------------
 - Image Creation Date: 2022-08-21T21:34:53Z
 - Image Revision: 0b831774c
 - Image Version: v6
----------------------------------------------------------------------------------------------------
The MegaLinter documentation can be found at:
 - https://oxsecurity.github.io/megalinter/v6
----------------------------------------------------------------------------------------------------
::group::MegaLinter initialization (expand for details)
GITHUB_REPOSITORY: Programming-Simplified-Community/Social-Coder
GITHUB_REF: refs/pull/14/merge
GITHUB_RUN_ID: 2940960090


[Activation] EDITORCONFIG_EDITORCONFIG_CHECKER has been set inactive, as none of these files has been found: ['.editorconfig']
[Activation] JAVASCRIPT_ES has been set inactive, as none of these files has been found: ['.eslintrc.json', '.eslintrc.yml', '.eslintrc.yaml', '.eslintrc.js', '.eslintrc.cjs', 'package.json:eslintConfig']
[Activation] JSX_ESLINT has been set inactive, as none of these files has been found: ['.eslintrc.json', '.eslintrc.yml', '.eslintrc.yaml', '.eslintrc.js', '.eslintrc.cjs', 'package.json:eslintConfig']
[Activation] REPOSITORY_GOODCHECK has been set inactive, as none of these files has been found: ['goodcheck.yml']
[SemgrepLinter] Deactivated because no ruleset has been defined
[Activation] SPELL_PROSELINT has been set inactive, as none of these files has been found: ['.proselintrc', 'proselint/config.json']
[Activation] SQL_SQLFLUFF has been set inactive, as none of these files has been found: ['.sqlfluff']
[Activation] SWIFT_SWIFTLINT has been set inactive, as none of these files has been found: ['.swiftlint.yml']
[Activation] TSX_ESLINT has been set inactive, as none of these files has been found: ['.eslintrc.json', '.eslintrc.yml', '.eslintrc.yaml', '.eslintrc.js', '.eslintrc.cjs', 'package.json:eslintConfig']
[Activation] TYPESCRIPT_ES has been set inactive, as none of these files has been found: ['.eslintrc.json', '.eslintrc.yml', '.eslintrc.yaml', '.eslintrc.js', '.eslintrc.cjs', 'package.json:eslintConfig']
MARKDOWN_REMARK_LINT has been temporary disabled in MegaLinter, please use a previous MegaLinter version or wait for the next one !
SNAKEMAKE_SNAKEFMT has been temporary disabled in MegaLinter, please use a previous MegaLinter version or wait for the next one !
Skipped linters: ANSIBLE_ANSIBLE_LINT, COPYPASTE_JSCPD, CSS_SCSS_LINT, EDITORCONFIG_EDITORCONFIG_CHECKER, HTML_DJLINT, JAVASCRIPT_ES, JAVASCRIPT_PRETTIER, JSX_ESLINT, KUBERNETES_KUBECONFORM, KUBERNETES_KUBEVAL, MARKDOWN_MARKDOWN_LINK_CHECK, MARKDOWN_REMARK_LINT, POWERSHELL_POWERSHELL, REPOSITORY_GOODCHECK, REPOSITORY_SEMGREP, SALESFORCE_SFDX_SCANNER_APEX, SALESFORCE_SFDX_SCANNER_AURA, SALESFORCE_SFDX_SCANNER_LWC, SNAKEMAKE_SNAKEFMT, SPELL_CSPELL, SPELL_PROSELINT, SQL_SQLFLUFF, SWIFT_SWIFTLINT, TSX_ESLINT, TYPESCRIPT_ES, TYPESCRIPT_PRETTIER
To receive reports as email, please set variable EMAIL_REPORTER_EMAIL
::endgroup::
::group::MegaLinter now collects the files to analyse (expand for details)
Listing updated files in [/github/workspace] using git diff.
Modified files:
.defaults
.gitignore
.gitmodules
.mega-linter.yml
Readme.md
Scripts
SocialCoder.Web/Server/Program.cs
SocialCoder.Web/Server/SocialCoder.Web.Server.csproj
SocialCoder.Web/Server/appsettings.json
SocialCoder.Web/Shared/Extensions/ConfigurationExtensions.cs
SocialCoder.Web/Shared/SocialCoder.Web.Shared.csproj
SocialCoder.sln
create-env.ps1
reset-db.ps1
start-db.ps1
- File extensions: , .R, .RMD, .Rmd, .bash, .c, .c++, .cc, .clj, .cljc, .cljs, .coffee, .cpp, .cs, .css, .cu, .cuh, .cxx, .dart, .dash, .edn, .env, .feature, .go, .gradle, .graphql, .groovy, .gvy, .h, .h++, .hcl, .hh, .hpp, .htm, .html, .hxx, .java, .js, .json, .json5, .jsonc, .ksh, .kt, .kts, .lua, .md, .nf, .p6, .php, .pl, .pl6, .pm, .pm6, .pp, .proto, .py, .r, .raku, .rakumod, .rakutest, .rb, .rs, .rst, .saas, .scala, .scss, .sh, .smk, .sql, .t, .tex, .tf, .ts, .vb, .xml, .yaml, .yml
- File names (regex): Dockerfile, Jenkinsfile, Makefile, Snakefile
- Excluding .gitignored files [0]: 
Kept [8] files on [14] found files

+----MATCHING LINTERS-------------------+---------------------+----------------+------------+
| Descriptor | Linter                   | Criteria            | Matching files | Format/Fix |
+------------+--------------------------+---------------------+----------------+------------+
| CSHARP     | dotnet-format            | .cs                 | 2              | yes        |
| JSON       | jsonlint                 | .json               | 1              | no         |
| JSON       | eslint-plugin-jsonc      | .json|.json5|.jsonc | 1              | yes        |
| JSON       | v8r                      | .json               | 1              | no         |
| JSON       | prettier                 | .json               | 1              | yes        |
| MARKDOWN   | markdownlint             | .md                 | 1              | yes        |
| MARKDOWN   | markdown-table-formatter | .md                 | 1              | yes        |
| REPOSITORY | checkov                  |                     | project        | no         |
| REPOSITORY | devskim                  |                     | project        | no         |
| REPOSITORY | dustilock                |                     | project        | no         |
| REPOSITORY | git_diff                 |                     | project        | no         |
| REPOSITORY | gitleaks                 |                     | project        | no         |
| REPOSITORY | secretlint               |                     | project        | no         |
| REPOSITORY | syft                     |                     | project        | no         |
| REPOSITORY | trivy                    |                     | project        | no         |
| SPELL      | misspell                 |                     | 8              | yes        |
| YAML       | prettier                 | .yml|.yaml          | 1              | yes        |
| YAML       | yamllint                 | .yml|.yaml          | 1              | no         |
| YAML       | v8r                      | .yml|.yaml          | 1              | no         |
+------------+--------------------------+---------------------+----------------+------------+
::endgroup::
::group::[32m✅ Linted [JSON] files with [jsonlint] successfully - (0.18s)[0m (expand for details)
- Using [jsonlint v11.6.0] https://oxsecurity.github.io/megalinter/v6/descriptors/json_jsonlint
- MegaLinter key: [JSON_JSONLINT]
- Rules config: identified by [jsonlint]
- Number of files analyzed: [1]
::endgroup::
::group::[32m✅ Linted [JSON] files with [eslint-plugin-jsonc] successfully - (0.85s)[0m (expand for details)
- Using [eslint-plugin-jsonc v2.4.0] https://oxsecurity.github.io/megalinter/v6/descriptors/json_eslint_plugin_jsonc
- MegaLinter key: [JSON_ESLINT_PLUGIN_JSONC]
- Rules config: [.eslintrc-json.json]
- Number of files analyzed: [1]
::endgroup::
::group::[32m✅ Linted [CSHARP] files with [dotnet-format] successfully - (4.71s)[0m (expand for details)
- Using [dotnet-format v000] https://oxsecurity.github.io/megalinter/v6/descriptors/csharp_dotnet_format
- MegaLinter key: [CSHARP_DOTNET_FORMAT]
- Rules config: identified by [dotnet-format]
- Number of files analyzed: [2]
::endgroup::
::group::[33m✅ Linted [MARKDOWN] files with [markdownlint]: Found 1 non blocking error(s) - (0.28s)[0m (expand for details)
- Using [markdownlint v0.32.2] https://oxsecurity.github.io/megalinter/v6/descriptors/markdown_markdownlint
- MegaLinter key: [MARKDOWN_MARKDOWNLINT]
- Rules config: [.markdownlint.json]
- Number of files analyzed: [1]
--Error detail:
/github/workspace/Readme.md:5 MD025/single-title/single-h1 Multiple top-level headings in the same document [Context: "# Social Coder"]

::endgroup::
::group::[32m✅ Linted [MARKDOWN] files with [markdown-table-formatter] successfully - (0.23s)[0m (expand for details)
- Using [markdown-table-formatter v1.4.0] https://oxsecurity.github.io/megalinter/v6/descriptors/markdown_markdown_table_formatter
- MegaLinter key: [MARKDOWN_MARKDOWN_TABLE_FORMATTER]
- Rules config: identified by [markdown-table-formatter]
- Number of files analyzed: [1]
::endgroup::
::group::[32m✅ Linted [JSON] files with [v8r] successfully - (6.13s)[0m (expand for details)
- Using [v8r v0.13.0] https://oxsecurity.github.io/megalinter/v6/descriptors/json_v8r
- MegaLinter key: [JSON_V8R]
- Rules config: identified by [v8r]
- Number of files analyzed: [1]
::endgroup::
::group::[32m✅ Linted [JSON] files with [prettier] successfully - (0.45s)[0m (expand for details)
- Using [prettier v2.7.1] https://oxsecurity.github.io/megalinter/v6/descriptors/json_prettier
- MegaLinter key: [JSON_PRETTIER]
- Rules config: identified by [prettier]
- Number of files analyzed: [1]
::endgroup::
::group::[32m✅ Linted [SPELL] files with [misspell] successfully - (0.08s)[0m (expand for details)
- Using [misspell v0.3.4] https://oxsecurity.github.io/megalinter/v6/descriptors/spell_misspell
- MegaLinter key: [SPELL_MISSPELL]
- Rules config: identified by [misspell]
- Number of files analyzed: [8]
::endgroup::
::group::[32m✅ Linted [YAML] files with [prettier] successfully - (0.43s)[0m (expand for details)
- Using [prettier v2.7.1] https://oxsecurity.github.io/megalinter/v6/descriptors/yaml_prettier
- MegaLinter key: [YAML_PRETTIER]
- Rules config: identified by [prettier]
- Number of files analyzed: [1]
::endgroup::
::group::[32m✅ Linted [YAML] files with [yamllint] successfully - (0.09s)[0m (expand for details)
- Using [yamllint v1.27.1] https://oxsecurity.github.io/megalinter/v6/descriptors/yaml_yamllint
- MegaLinter key: [YAML_YAMLLINT]
- Rules config: [.yamllint.yml]
- Number of files analyzed: [1]
::endgroup::
::group::[32m✅ Linted [REPOSITORY] files with [checkov] successfully - (5.55s)[0m (expand for details)
- Using [checkov v2.1.139] https://oxsecurity.github.io/megalinter/v6/descriptors/repository_checkov
- MegaLinter key: [REPOSITORY_CHECKOV]
- Rules config: [.checkov.yml]
::endgroup::
::group::[32m✅ Linted [REPOSITORY] files with [git_diff] successfully - (0.03s)[0m (expand for details)
- Using [git_diff v2.34.4] https://oxsecurity.github.io/megalinter/v6/descriptors/repository_git_diff
- MegaLinter key: [REPOSITORY_GIT_DIFF]
- Rules config: identified by [git_diff]
::endgroup::
::group::[32m✅ Linted [REPOSITORY] files with [gitleaks] successfully - (0.53s)[0m (expand for details)
- Using [gitleaks v8.11.0] https://oxsecurity.github.io/megalinter/v6/descriptors/repository_gitleaks
- MegaLinter key: [REPOSITORY_GITLEAKS]
- Rules config: [.gitleaks.toml]
::endgroup::
::group::[32m✅ Linted [YAML] files with [v8r] successfully - (1.32s)[0m (expand for details)
- Using [v8r v0.13.0] https://oxsecurity.github.io/megalinter/v6/descriptors/yaml_v8r
- MegaLinter key: [YAML_V8R]
- Rules config: identified by [v8r]
- Number of files analyzed: [1]
::endgroup::
::group::[32m✅ Linted [REPOSITORY] files with [secretlint] successfully - (1.19s)[0m (expand for details)
- Using [secretlint v5.2.3] https://oxsecurity.github.io/megalinter/v6/descriptors/repository_secretlint
- MegaLinter key: [REPOSITORY_SECRETLINT]
- Rules config: [.secretlintrc.json]
- Ignore file: [.secretlintignore]
::endgroup::
::group::[32m✅ Linted [REPOSITORY] files with [trivy] successfully - (2.2s)[0m (expand for details)
- Using [trivy v0.29.2] https://oxsecurity.github.io/megalinter/v6/descriptors/repository_trivy
- MegaLinter key: [REPOSITORY_TRIVY]
- Rules config: identified by [trivy]
::endgroup::

+----SUMMARY----+--------------------------+---------------+-------+-------+--------+--------------+
| Descriptor    | Linter                   | Mode          | Files | Fixed | Errors | Elapsed time |
+---------------+--------------------------+---------------+-------+-------+--------+--------------+
| ✅ CSHARP     | dotnet-format            | file          |     2 |     1 |      0 |        4.71s |
| ✅ JSON       | eslint-plugin-jsonc      | list_of_files |     1 |     0 |      0 |        0.85s |
| ✅ JSON       | jsonlint                 | list_of_files |     1 |       |      0 |        0.18s |
| ✅ JSON       | prettier                 | list_of_files |     1 |     0 |      0 |        0.45s |
| ✅ JSON       | v8r                      | list_of_files |     1 |       |      0 |        6.13s |
| ◬ MARKDOWN    | markdownlint             | list_of_files |     1 |     0 |      1 |        0.28s |
| ✅ MARKDOWN   | markdown-table-formatter | list_of_files |     1 |     0 |      0 |        0.23s |
| ✅ REPOSITORY | checkov                  | project       |   n/a |       |      0 |        5.55s |
| ✅ REPOSITORY | gitleaks                 | project       |   n/a |       |      0 |        0.53s |
| ✅ REPOSITORY | git_diff                 | project       |   n/a |       |      0 |        0.03s |
| ✅ REPOSITORY | secretlint               | project       |   n/a |       |      0 |        1.19s |
| ✅ REPOSITORY | trivy                    | project       |   n/a |       |      0 |         2.2s |
| ✅ SPELL      | misspell                 | list_of_files |     8 |     1 |      0 |        0.08s |
| ✅ YAML       | prettier                 | list_of_files |     1 |     1 |      0 |        0.43s |
| ✅ YAML       | v8r                      | list_of_files |     1 |       |      0 |        1.32s |
| ✅ YAML       | yamllint                 | list_of_files |     1 |       |      0 |        0.09s |
+---------------+--------------------------+---------------+-------+-------+--------+--------------+

[GitHub Comment Reporter] Posted summary as comment on Programming-Simplified-Community/Social-Coder #PR14
[Updated Sources Reporter] copied 2 fixed source files in folder /github/workspace/megalinter-reports/updated_sources.
Download it from artifacts then copy-paste it in your local repo to apply linters updates
[33m◬ Successfully linted all files, but with ignored errors[0m
